<?xml version="1.0" encoding="UTF-8"?>
<!-- Generated by org.testng.reporters.JUnitXMLReporter -->
<testsuite ignored="3" hostname="Deeps" failures="0" tests="1" name="Default test" time="5.225" errors="0" timestamp="2026-04-21T14:15:20 IST">
  <testcase classname="com.srm.ninjashop.tests.CartTests" name="verifyProductCanBeAddedToCart" time="1.974"/>
  <testcase classname="com.srm.ninjashop.tests.CartTests" name="verifyCartQuantityUpdateChangesLineTotal" time="0.0">
    <ignored/>
  </testcase> <!-- verifyCartQuantityUpdateChangesLineTotal -->
  <testcase classname="com.srm.ninjashop.tests.CartTests" name="verifyProductCanBeRemovedFromCart" time="0.0">
    <ignored/>
  </testcase> <!-- verifyProductCanBeRemovedFromCart -->
  <testcase classname="com.srm.ninjashop.tests.CartTests" name="verifyHeaderCartCountReflectsAddedItems" time="0.0">
    <ignored/>
  </testcase> <!-- verifyHeaderCartCountReflectsAddedItems -->
</testsuite> <!-- Default test -->
