<?xml version="1.0" encoding="UTF-8"?>
<!-- Generated by org.testng.reporters.JUnitReportReporter -->
<testsuite hostname="Deeps" failures="0" tests="4" name="com.srm.ninjashop.tests.CartTests" time="38.547" errors="0" timestamp="2026-04-21T11:48:08 IST" skipped="0">
  <testcase classname="com.srm.ninjashop.tests.CartTests" name="verifyCartQuantityUpdateChangesLineTotal" time="8.554"/>
  <testcase classname="com.srm.ninjashop.tests.CartTests" name="verifyProductCanBeRemovedFromCart" time="10.766"/>
  <testcase classname="com.srm.ninjashop.tests.CartTests" name="verifyHeaderCartCountReflectsAddedItems" time="6.496"/>
  <testcase classname="com.srm.ninjashop.tests.CartTests" name="verifyProductCanBeAddedToCart" time="12.731"/>
</testsuite> <!-- com.srm.ninjashop.tests.CartTests -->
