<?xml version="1.0" encoding="UTF-8"?>
<!-- Generated by org.testng.reporters.JUnitXMLReporter -->
<testsuite ignored="0" hostname="Dheeraj" failures="0" tests="22" name="TutorialsNinja Functional Tests" time="134.176" errors="0" timestamp="2026-04-29T22:00:57 IST">
  <testcase classname="com.srm.ninjashop.tests.ProductTests" name="verifyEmptySearchShowsNoResultsMessage" time="1.227"/>
  <testcase classname="com.srm.ninjashop.tests.ProductTests" name="verifyProductDetailsShowNameAndPrice" time="1.823"/>
  <testcase classname="com.srm.ninjashop.tests.AuthenticationTests" name="verifyLoginScenarios" time="8.598"/>
  <testcase classname="com.srm.ninjashop.tests.ProductTests" name="verifySearchDisplaysResults" time="0.792"/>
  <testcase classname="com.srm.ninjashop.tests.ProductTests" name="verifyTopCategoryDisplaysProducts" time="0.263"/>
  <testcase classname="com.srm.ninjashop.tests.CartTests" name="verifyCartQuantityUpdateChangesLineTotal" time="4.0"/>
  <testcase classname="com.srm.ninjashop.tests.AuthenticationTests" name="verifyLoginScenarios" time="7.809"/>
  <testcase classname="com.srm.ninjashop.tests.CartTests" name="verifyHeaderCartCountReflectsAddedItems" time="2.59"/>
  <testcase classname="com.srm.ninjashop.tests.AuthenticationTests" name="verifyLoginScenarios" time="8.135"/>
  <testcase classname="com.srm.ninjashop.tests.CartTests" name="verifyProductCanBeAddedToCart" time="3.863"/>
  <testcase classname="com.srm.ninjashop.tests.CartTests" name="verifyProductCanBeRemovedFromCart" time="3.996"/>
  <testcase classname="com.srm.ninjashop.tests.AuthenticationTests" name="verifyLoginScenarios" time="9.074"/>
  <testcase classname="com.srm.ninjashop.tests.CheckoutTests" name="verifyCheckoutWithoutLoginShowsStockBlock" time="3.967"/>
  <testcase classname="com.srm.ninjashop.tests.AuthenticationTests" name="verifyLoginScenarios" time="7.409"/>
  <testcase classname="com.srm.ninjashop.tests.CheckoutTests" name="verifyLoggedInCheckoutShowsStockBlock" time="7.565"/>
  <testcase classname="com.srm.ninjashop.tests.ValidationTests" name="verifyInvalidEmailFormatValidation" time="2.278"/>
  <testcase classname="com.srm.ninjashop.tests.AuthenticationTests" name="verifyLoginScenarios" time="8.514"/>
  <testcase classname="com.srm.ninjashop.tests.ValidationTests" name="verifyRegistrationValidationMessagesForEmptyFields" time="2.546"/>
  <testcase classname="com.srm.ninjashop.tests.AuthenticationTests" name="verifyLoginScenarios" time="6.589"/>
  <testcase classname="com.srm.ninjashop.tests.AuthenticationTests" name="verifyLoginScenarios" time="13.456"/>
  <testcase classname="com.srm.ninjashop.tests.AuthenticationTests" name="verifyLogoutRedirectsToHomePage" time="27.392"/>
  <testcase classname="com.srm.ninjashop.tests.AuthenticationTests" name="verifyUserCanRegisterSuccessfully" time="4.596"/>
</testsuite> <!-- TutorialsNinja Functional Tests -->
