<?xml version="1.0" encoding="UTF-8"?>
<!-- Generated by org.testng.reporters.JUnitReportReporter -->
<testsuite hostname="Dheeraj" failures="0" tests="4" name="com.srm.ninjashop.tests.ProductTests" time="18.926" errors="0" timestamp="2026-04-29T22:00:57 IST" skipped="0">
  <testcase classname="com.srm.ninjashop.tests.ProductTests" name="verifyProductDetailsShowNameAndPrice" time="8.222"/>
  <testcase classname="com.srm.ninjashop.tests.ProductTests" name="verifySearchDisplaysResults" time="3.501"/>
  <testcase classname="com.srm.ninjashop.tests.ProductTests" name="verifyTopCategoryDisplaysProducts" time="3.209"/>
  <testcase classname="com.srm.ninjashop.tests.ProductTests" name="verifyEmptySearchShowsNoResultsMessage" time="3.994"/>
</testsuite> <!-- com.srm.ninjashop.tests.ProductTests -->
