<?xml version="1.0" encoding="UTF-8"?>
<!-- Generated by org.testng.reporters.JUnitReportReporter -->
<testsuite hostname="Dheeraj" failures="0" tests="2" name="com.srm.ninjashop.tests.CheckoutTests" time="18.392" errors="0" timestamp="2026-04-29T22:00:57 IST" skipped="0">
  <testcase classname="com.srm.ninjashop.tests.CheckoutTests" name="verifyLoggedInCheckoutShowsStockBlock" time="10.372"/>
  <testcase classname="com.srm.ninjashop.tests.CheckoutTests" name="verifyCheckoutWithoutLoginShowsStockBlock" time="8.020"/>
</testsuite> <!-- com.srm.ninjashop.tests.CheckoutTests -->
