<?xml version="1.0" encoding="UTF-8"?>
<!-- Generated by org.testng.reporters.JUnitReportReporter -->
<testsuite hostname="Dheeraj" failures="0" tests="10" name="com.srm.ninjashop.tests.AuthenticationTests" time="133.747" errors="0" timestamp="2026-04-29T22:00:57 IST" skipped="0">
  <testcase classname="com.srm.ninjashop.tests.AuthenticationTests" name="verifyLoginScenarios" time="10.308"/>
  <testcase classname="com.srm.ninjashop.tests.AuthenticationTests" name="verifyLoginScenarios" time="10.757"/>
  <testcase classname="com.srm.ninjashop.tests.AuthenticationTests" name="verifyLoginScenarios" time="19.637"/>
  <testcase classname="com.srm.ninjashop.tests.AuthenticationTests" name="verifyLoginScenarios" time="11.583"/>
  <testcase classname="com.srm.ninjashop.tests.AuthenticationTests" name="verifyLogoutRedirectsToHomePage" time="31.102"/>
  <testcase classname="com.srm.ninjashop.tests.AuthenticationTests" name="verifyLoginScenarios" time="9.130"/>
  <testcase classname="com.srm.ninjashop.tests.AuthenticationTests" name="verifyLoginScenarios" time="11.324"/>
  <testcase classname="com.srm.ninjashop.tests.AuthenticationTests" name="verifyLoginScenarios" time="11.581"/>
  <testcase classname="com.srm.ninjashop.tests.AuthenticationTests" name="verifyLoginScenarios" time="10.796"/>
  <testcase classname="com.srm.ninjashop.tests.AuthenticationTests" name="verifyUserCanRegisterSuccessfully" time="7.529"/>
</testsuite> <!-- com.srm.ninjashop.tests.AuthenticationTests -->
