<?xml version="1.0" encoding="UTF-8"?>
<!-- Generated by org.testng.reporters.JUnitReportReporter -->
<testsuite hostname="Dheeraj" failures="0" tests="2" name="com.srm.ninjashop.tests.ValidationTests" time="10.407" errors="0" timestamp="2026-04-29T22:00:57 IST" skipped="0">
  <testcase classname="com.srm.ninjashop.tests.ValidationTests" name="verifyRegistrationValidationMessagesForEmptyFields" time="5.051"/>
  <testcase classname="com.srm.ninjashop.tests.ValidationTests" name="verifyInvalidEmailFormatValidation" time="5.356"/>
</testsuite> <!-- com.srm.ninjashop.tests.ValidationTests -->
